<?xml version="1.0" encoding="UTF-8" ?>
<testsuite failures="0" time="0.426" errors="0" skipped="0" tests="3" name="adcowebsolutions.crypto.PasswordManagerTest">
  <properties>
[...]
</properties>
  <testcase time="0.302" classname="adcowebsolutions.crypto.PasswordManagerTest" name="testEncodePassword"/>
  <testcase time="0.001" classname="adcowebsolutions.crypto.PasswordManagerTest" name="testGeneratePassword"/>
  <testcase time="0" classname="adcowebsolutions.crypto.PasswordManagerTest" name="testIsPasswordValid"/>
</testsuite>